## Footprint report - date Mon Nov  2 21:55:12 2020
## Created by Pcbnew version kicad 5.1.7-a382d34a8~87~ubuntu18.04.1
## Unit = mm, Angle = deg.

$BeginDESCRIPTION

$BOARD
upper_left_corner 15.265867 115.662500
lower_right_corner 283.184134 157.378500
$EndBOARD

$MODULE "DS1"
reference "DS1"
value "Schottky"
footprint "Diode_SMD:D_SMA"
attribut smd
position 189.230000 144.297500  orientation 90.00
layer front
$PAD "2"
Shape Rect Layer front
position  2.000000  0.000000  size  2.500000  1.800000  orientation 0.00
drill  0.000000
shape_offset  0.000000  0.000000
$EndPAD
$PAD "1"
Shape Rect Layer front
position -2.000000  0.000000  size  2.500000  1.800000  orientation 0.00
drill  0.000000
shape_offset  0.000000  0.000000
$EndPAD
$EndMODULE  DS1

$MODULE "F1"
reference "F1"
value "300mA polyfuse"
footprint "Resistor_SMD:R_0603_1608Metric"
attribut smd
position 193.040000 134.620000  orientation 270.00
layer front
$PAD "2"
Shape Roundrect Layer front
position  0.825000  0.000000  size  0.800000  0.950000  orientation 0.00
drill  0.000000
shape_offset  0.000000  0.000000
$EndPAD
$PAD "1"
Shape Roundrect Layer front
position -0.825000  0.000000  size  0.800000  0.950000  orientation 0.00
drill  0.000000
shape_offset  0.000000  0.000000
$EndPAD
$EndMODULE  F1

$MODULE "JPH3"
reference "JPH3"
value "Hdr"
footprint "Connector_PinHeader_2.54mm:PinHeader_1x04_P2.54mm_Vertical"
attribut none
position 185.420000 140.970000  orientation 0.00
layer front
$PAD "4"
Shape Oval Layer both
position  0.000000  7.620000  size  1.700000  1.700000  orientation 0.00
drill  1.000000
shape_offset  0.000000  0.000000
$EndPAD
$PAD "3"
Shape Oval Layer both
position  0.000000  5.080000  size  1.700000  1.700000  orientation 0.00
drill  1.000000
shape_offset  0.000000  0.000000
$EndPAD
$PAD "2"
Shape Oval Layer both
position  0.000000  2.540000  size  1.700000  1.700000  orientation 0.00
drill  1.000000
shape_offset  0.000000  0.000000
$EndPAD
$PAD "1"
Shape Rect Layer both
position  0.000000  0.000000  size  1.700000  1.700000  orientation 0.00
drill  1.000000
shape_offset  0.000000  0.000000
$EndPAD
$EndMODULE  JPH3

$MODULE "JPH2"
reference "JPH2"
value "Hdr"
footprint "Connector_PinHeader_2.54mm:PinHeader_1x02_P2.54mm_Vertical"
attribut none
position 182.880000 140.970000  orientation 0.00
layer front
$PAD "2"
Shape Oval Layer both
position  0.000000  2.540000  size  1.700000  1.700000  orientation 0.00
drill  1.000000
shape_offset  0.000000  0.000000
$EndPAD
$PAD "1"
Shape Rect Layer both
position  0.000000  0.000000  size  1.700000  1.700000  orientation 0.00
drill  1.000000
shape_offset  0.000000  0.000000
$EndPAD
$EndMODULE  JPH2

$MODULE "DZ2"
reference "DZ2"
value "3v3"
footprint "Diode_SMD:D_MiniMELF"
attribut smd
position 187.170000 137.160000  orientation 0.00
layer front
$PAD "2"
Shape Rect Layer front
position  1.750000  0.000000  size  1.300000  1.700000  orientation 0.00
drill  0.000000
shape_offset  0.000000  0.000000
$EndPAD
$PAD "1"
Shape Rect Layer front
position -1.750000  0.000000  size  1.300000  1.700000  orientation 0.00
drill  0.000000
shape_offset  0.000000  0.000000
$EndPAD
$EndMODULE  DZ2

$MODULE "ANT2"
reference "ANT2"
value "U.FL"
footprint "Connector_Coaxial:U.FL_Molex_MCRF_73412-0110_Vertical"
attribut smd
position 180.340000 147.550000  orientation 180.00
layer front
$PAD "1"
Shape Rect Layer front
position  0.000000  1.500000  size  1.000000  1.000000  orientation 0.00
drill  0.000000
shape_offset  0.000000  0.000000
$EndPAD
$PAD "2"
Shape Rect Layer front
position  0.000000 -1.500000  size  1.000000  1.000000  orientation 0.00
drill  0.000000
shape_offset  0.000000  0.000000
$EndPAD
$PAD "2"
Shape Rect Layer front
position  1.475000  0.000000  size  1.050000  2.200000  orientation 0.00
drill  0.000000
shape_offset  0.000000  0.000000
$EndPAD
$PAD "2"
Shape Rect Layer front
position -1.475000  0.000000  size  1.050000  2.200000  orientation 0.00
drill  0.000000
shape_offset  0.000000  0.000000
$EndPAD
$EndMODULE  ANT2

$MODULE "J4"
reference "J4"
value "Debug port"
footprint "Connector_PinHeader_2.54mm:PinHeader_2x04_P2.54mm_Vertical"
attribut none
position 237.490000 139.700000  orientation 180.00
layer front
$PAD "8"
Shape Oval Layer both
position  2.540000  7.620000  size  1.700000  1.700000  orientation 0.00
drill  1.000000
shape_offset  0.000000  0.000000
$EndPAD
$PAD "7"
Shape Oval Layer both
position  0.000000  7.620000  size  1.700000  1.700000  orientation 0.00
drill  1.000000
shape_offset  0.000000  0.000000
$EndPAD
$PAD "6"
Shape Oval Layer both
position  2.540000  5.080000  size  1.700000  1.700000  orientation 0.00
drill  1.000000
shape_offset  0.000000  0.000000
$EndPAD
$PAD "5"
Shape Oval Layer both
position  0.000000  5.080000  size  1.700000  1.700000  orientation 0.00
drill  1.000000
shape_offset  0.000000  0.000000
$EndPAD
$PAD "4"
Shape Oval Layer both
position  2.540000  2.540000  size  1.700000  1.700000  orientation 0.00
drill  1.000000
shape_offset  0.000000  0.000000
$EndPAD
$PAD "3"
Shape Oval Layer both
position  0.000000  2.540000  size  1.700000  1.700000  orientation 0.00
drill  1.000000
shape_offset  0.000000  0.000000
$EndPAD
$PAD "2"
Shape Oval Layer both
position  2.540000  0.000000  size  1.700000  1.700000  orientation 0.00
drill  1.000000
shape_offset  0.000000  0.000000
$EndPAD
$PAD "1"
Shape Rect Layer both
position  0.000000  0.000000  size  1.700000  1.700000  orientation 0.00
drill  1.000000
shape_offset  0.000000  0.000000
$EndPAD
$EndMODULE  J4

$MODULE "JB1"
reference "JB1"
value "I2C"
footprint "Connector_PinHeader_2.54mm:PinHeader_1x04_P2.54mm_Vertical"
attribut none
position 242.570000 132.080000  orientation 0.00
layer front
$PAD "4"
Shape Oval Layer both
position  0.000000  7.620000  size  1.700000  1.700000  orientation 0.00
drill  1.000000
shape_offset  0.000000  0.000000
$EndPAD
$PAD "3"
Shape Oval Layer both
position  0.000000  5.080000  size  1.700000  1.700000  orientation 0.00
drill  1.000000
shape_offset  0.000000  0.000000
$EndPAD
$PAD "2"
Shape Oval Layer both
position  0.000000  2.540000  size  1.700000  1.700000  orientation 0.00
drill  1.000000
shape_offset  0.000000  0.000000
$EndPAD
$PAD "1"
Shape Rect Layer both
position  0.000000  0.000000  size  1.700000  1.700000  orientation 0.00
drill  1.000000
shape_offset  0.000000  0.000000
$EndPAD
$EndMODULE  JB1

$MODULE "J1"
reference "J1"
value "I2C"
footprint "Connector_PinHeader_2.54mm:PinHeader_1x04_P2.54mm_Vertical"
attribut none
position 256.540000 147.320000  orientation 90.00
layer front
$PAD "4"
Shape Oval Layer both
position  0.000000  7.620000  size  1.700000  1.700000  orientation 0.00
drill  1.000000
shape_offset  0.000000  0.000000
$EndPAD
$PAD "3"
Shape Oval Layer both
position  0.000000  5.080000  size  1.700000  1.700000  orientation 0.00
drill  1.000000
shape_offset  0.000000  0.000000
$EndPAD
$PAD "2"
Shape Oval Layer both
position  0.000000  2.540000  size  1.700000  1.700000  orientation 0.00
drill  1.000000
shape_offset  0.000000  0.000000
$EndPAD
$PAD "1"
Shape Rect Layer both
position  0.000000  0.000000  size  1.700000  1.700000  orientation 0.00
drill  1.000000
shape_offset  0.000000  0.000000
$EndPAD
$EndMODULE  J1

$MODULE "JB3"
reference "JB3"
value "I2C"
footprint "Connector_PinHeader_2.54mm:PinHeader_1x04_P2.54mm_Vertical"
attribut none
position 157.480000 128.270000  orientation 0.00
layer front
$PAD "4"
Shape Oval Layer both
position  0.000000  7.620000  size  1.700000  1.700000  orientation 0.00
drill  1.000000
shape_offset  0.000000  0.000000
$EndPAD
$PAD "3"
Shape Oval Layer both
position  0.000000  5.080000  size  1.700000  1.700000  orientation 0.00
drill  1.000000
shape_offset  0.000000  0.000000
$EndPAD
$PAD "2"
Shape Oval Layer both
position  0.000000  2.540000  size  1.700000  1.700000  orientation 0.00
drill  1.000000
shape_offset  0.000000  0.000000
$EndPAD
$PAD "1"
Shape Rect Layer both
position  0.000000  0.000000  size  1.700000  1.700000  orientation 0.00
drill  1.000000
shape_offset  0.000000  0.000000
$EndPAD
$EndMODULE  JB3

$MODULE "JB2"
reference "JB2"
value "I2C"
footprint "Connector_PinHeader_2.54mm:PinHeader_1x04_P2.54mm_Vertical"
attribut none
position 157.480000 140.970000  orientation 0.00
layer front
$PAD "4"
Shape Oval Layer both
position  0.000000  7.620000  size  1.700000  1.700000  orientation 0.00
drill  1.000000
shape_offset  0.000000  0.000000
$EndPAD
$PAD "3"
Shape Oval Layer both
position  0.000000  5.080000  size  1.700000  1.700000  orientation 0.00
drill  1.000000
shape_offset  0.000000  0.000000
$EndPAD
$PAD "2"
Shape Oval Layer both
position  0.000000  2.540000  size  1.700000  1.700000  orientation 0.00
drill  1.000000
shape_offset  0.000000  0.000000
$EndPAD
$PAD "1"
Shape Rect Layer both
position  0.000000  0.000000  size  1.700000  1.700000  orientation 0.00
drill  1.000000
shape_offset  0.000000  0.000000
$EndPAD
$EndMODULE  JB2

$MODULE "J7"
reference "J7"
value "U.FL"
footprint "Connector_Coaxial:U.FL_Molex_MCRF_73412-0110_Vertical"
attribut smd
position 227.330000 143.715000  orientation 270.00
layer front
$PAD "1"
Shape Rect Layer front
position  0.000000  1.500000  size  1.000000  1.000000  orientation 0.00
drill  0.000000
shape_offset  0.000000  0.000000
$EndPAD
$PAD "2"
Shape Rect Layer front
position  0.000000 -1.500000  size  1.000000  1.000000  orientation 0.00
drill  0.000000
shape_offset  0.000000  0.000000
$EndPAD
$PAD "2"
Shape Rect Layer front
position  1.475000  0.000000  size  1.050000  2.200000  orientation 0.00
drill  0.000000
shape_offset  0.000000  0.000000
$EndPAD
$PAD "2"
Shape Rect Layer front
position -1.475000  0.000000  size  1.050000  2.200000  orientation 0.00
drill  0.000000
shape_offset  0.000000  0.000000
$EndPAD
$EndMODULE  J7

$MODULE "U1"
reference "U1"
value "AMS1117-3.3"
footprint "Package_TO_SOT_SMD:SOT-223-3_TabPin2"
attribut smd
position 198.120000 142.240000  orientation 0.00
layer front
$PAD "1"
Shape Rect Layer front
position -3.150000 -2.300000  size  2.000000  1.500000  orientation 0.00
drill  0.000000
shape_offset  0.000000  0.000000
$EndPAD
$PAD "3"
Shape Rect Layer front
position -3.150000  2.300000  size  2.000000  1.500000  orientation 0.00
drill  0.000000
shape_offset  0.000000  0.000000
$EndPAD
$PAD "2"
Shape Rect Layer front
position -3.150000  0.000000  size  2.000000  1.500000  orientation 0.00
drill  0.000000
shape_offset  0.000000  0.000000
$EndPAD
$PAD "2"
Shape Rect Layer front
position  3.150000  0.000000  size  2.000000  3.800000  orientation 0.00
drill  0.000000
shape_offset  0.000000  0.000000
$EndPAD
$EndMODULE  U1

$MODULE "ANT1"
reference "ANT1"
value "SWRA117D"
footprint "MyAntennas:SWRA117D"
attribut none
position 227.330000 152.400000  orientation 0.00
layer back
$PAD "1"
Shape Circle Layer back
position -4.060000 -3.180000  size  0.400000  0.400000  orientation 0.00
drill  0.000000
shape_offset  0.000000  0.000000
$EndPAD
$PAD ""
Shape Circle Layer both
position  7.200000 -2.710000  size  0.500000  0.500000  orientation 0.00
drill  0.300000
shape_offset  0.000000  0.000000
$EndPAD
$PAD ""
Shape Circle Layer both
position  5.600000 -2.710000  size  0.500000  0.500000  orientation 0.00
drill  0.300000
shape_offset  0.000000  0.000000
$EndPAD
$PAD ""
Shape Circle Layer both
position  4.000000 -2.710000  size  0.500000  0.500000  orientation 0.00
drill  0.300000
shape_offset  0.000000  0.000000
$EndPAD
$PAD ""
Shape Circle Layer both
position  2.400000 -2.710000  size  0.500000  0.500000  orientation 0.00
drill  0.300000
shape_offset  0.000000  0.000000
$EndPAD
$PAD ""
Shape Circle Layer both
position  0.800000 -2.710000  size  0.500000  0.500000  orientation 0.00
drill  0.300000
shape_offset  0.000000  0.000000
$EndPAD
$PAD ""
Shape Circle Layer both
position -0.800000 -2.710000  size  0.500000  0.500000  orientation 0.00
drill  0.300000
shape_offset  0.000000  0.000000
$EndPAD
$PAD "2"
Shape Circle Layer both
position -2.400000 -2.710000  size  0.500000  0.500000  orientation 0.00
drill  0.300000
shape_offset  0.000000  0.000000
$EndPAD
$PAD ""
Shape Circle Layer both
position -7.200000 -2.710000  size  0.500000  0.500000  orientation 0.00
drill  0.300000
shape_offset  0.000000  0.000000
$EndPAD
$PAD ""
Shape Circle Layer both
position -5.610000 -2.710000  size  0.500000  0.500000  orientation 0.00
drill  0.300000
shape_offset  0.000000  0.000000
$EndPAD
$EndMODULE  ANT1

$MODULE "PwrHarv1"
reference "PwrHarv1"
value "BQ25504"
footprint "Package_DFN_QFN:QFN-16-1EP_3x3mm_P0.5mm_EP1.75x1.75mm_ThermalVias"
attribut smd
position 172.280000 133.790000  orientation 0.00
layer front
$PAD ""
Shape Roundrect Layer nocopper
position  0.440000  0.440000  size  0.760000  0.760000  orientation 0.00
drill  0.000000
shape_offset  0.000000  0.000000
$EndPAD
$PAD ""
Shape Roundrect Layer nocopper
position  0.440000 -0.440000  size  0.760000  0.760000  orientation 0.00
drill  0.000000
shape_offset  0.000000  0.000000
$EndPAD
$PAD ""
Shape Roundrect Layer nocopper
position -0.440000  0.440000  size  0.760000  0.760000  orientation 0.00
drill  0.000000
shape_offset  0.000000  0.000000
$EndPAD
$PAD ""
Shape Roundrect Layer nocopper
position -0.440000 -0.440000  size  0.760000  0.760000  orientation 0.00
drill  0.000000
shape_offset  0.000000  0.000000
$EndPAD
$PAD "17"
Shape Rect Layer back
position  0.000000  0.000000  size  1.750000  1.750000  orientation 0.00
drill  0.000000
shape_offset  0.000000  0.000000
$EndPAD
$PAD "17"
Shape Circle Layer both
position  0.625000  0.625000  size  0.500000  0.500000  orientation 0.00
drill  0.200000
shape_offset  0.000000  0.000000
$EndPAD
$PAD "17"
Shape Circle Layer both
position -0.625000  0.625000  size  0.500000  0.500000  orientation 0.00
drill  0.200000
shape_offset  0.000000  0.000000
$EndPAD
$PAD "17"
Shape Circle Layer both
position  0.625000 -0.625000  size  0.500000  0.500000  orientation 0.00
drill  0.200000
shape_offset  0.000000  0.000000
$EndPAD
$PAD "17"
Shape Circle Layer both
position -0.625000 -0.625000  size  0.500000  0.500000  orientation 0.00
drill  0.200000
shape_offset  0.000000  0.000000
$EndPAD
$PAD "17"
Shape Rect Layer front
position  0.000000  0.000000  size  1.750000  1.750000  orientation 0.00
drill  0.000000
shape_offset  0.000000  0.000000
$EndPAD
$PAD "16"
Shape Roundrect Layer front
position -0.750000 -1.462500  size  0.250000  0.775000  orientation 0.00
drill  0.000000
shape_offset  0.000000  0.000000
$EndPAD
$PAD "15"
Shape Roundrect Layer front
position -0.250000 -1.462500  size  0.250000  0.775000  orientation 0.00
drill  0.000000
shape_offset  0.000000  0.000000
$EndPAD
$PAD "14"
Shape Roundrect Layer front
position  0.250000 -1.462500  size  0.250000  0.775000  orientation 0.00
drill  0.000000
shape_offset  0.000000  0.000000
$EndPAD
$PAD "13"
Shape Roundrect Layer front
position  0.750000 -1.462500  size  0.250000  0.775000  orientation 0.00
drill  0.000000
shape_offset  0.000000  0.000000
$EndPAD
$PAD "12"
Shape Roundrect Layer front
position  1.462500 -0.750000  size  0.775000  0.250000  orientation 0.00
drill  0.000000
shape_offset  0.000000  0.000000
$EndPAD
$PAD "11"
Shape Roundrect Layer front
position  1.462500 -0.250000  size  0.775000  0.250000  orientation 0.00
drill  0.000000
shape_offset  0.000000  0.000000
$EndPAD
$PAD "10"
Shape Roundrect Layer front
position  1.462500  0.250000  size  0.775000  0.250000  orientation 0.00
drill  0.000000
shape_offset  0.000000  0.000000
$EndPAD
$PAD "9"
Shape Roundrect Layer front
position  1.462500  0.750000  size  0.775000  0.250000  orientation 0.00
drill  0.000000
shape_offset  0.000000  0.000000
$EndPAD
$PAD "8"
Shape Roundrect Layer front
position  0.750000  1.462500  size  0.250000  0.775000  orientation 0.00
drill  0.000000
shape_offset  0.000000  0.000000
$EndPAD
$PAD "7"
Shape Roundrect Layer front
position  0.250000  1.462500  size  0.250000  0.775000  orientation 0.00
drill  0.000000
shape_offset  0.000000  0.000000
$EndPAD
$PAD "6"
Shape Roundrect Layer front
position -0.250000  1.462500  size  0.250000  0.775000  orientation 0.00
drill  0.000000
shape_offset  0.000000  0.000000
$EndPAD
$PAD "5"
Shape Roundrect Layer front
position -0.750000  1.462500  size  0.250000  0.775000  orientation 0.00
drill  0.000000
shape_offset  0.000000  0.000000
$EndPAD
$PAD "4"
Shape Roundrect Layer front
position -1.462500  0.750000  size  0.775000  0.250000  orientation 0.00
drill  0.000000
shape_offset  0.000000  0.000000
$EndPAD
$PAD "3"
Shape Roundrect Layer front
position -1.462500  0.250000  size  0.775000  0.250000  orientation 0.00
drill  0.000000
shape_offset  0.000000  0.000000
$EndPAD
$PAD "2"
Shape Roundrect Layer front
position -1.462500 -0.250000  size  0.775000  0.250000  orientation 0.00
drill  0.000000
shape_offset  0.000000  0.000000
$EndPAD
$PAD "1"
Shape Roundrect Layer front
position -1.462500 -0.750000  size  0.775000  0.250000  orientation 0.00
drill  0.000000
shape_offset  0.000000  0.000000
$EndPAD
$EndMODULE  PwrHarv1

$MODULE "TH3"
reference "TH3"
value "SHT21"
footprint "Libraries:SHT21"
attribut none
position 26.670000 147.320000  orientation 180.00
layer front
$PAD "7"
Shape Rect Layer front
position  0.000000  0.000000  size  1.600200  2.489200  orientation 0.00
drill  0.000000
shape_offset  0.000000  0.000000
$EndPAD
$PAD "6"
Shape Rect Layer front
position  1.447800 -1.000001  size  0.812800  0.457200  orientation 0.00
drill  0.000000
shape_offset  0.000000  0.000000
$EndPAD
$PAD "5"
Shape Rect Layer front
position  1.447800  0.000000  size  0.812800  0.457200  orientation 0.00
drill  0.000000
shape_offset  0.000000  0.000000
$EndPAD
$PAD "4"
Shape Rect Layer front
position  1.447800  1.000001  size  0.812800  0.457200  orientation 0.00
drill  0.000000
shape_offset  0.000000  0.000000
$EndPAD
$PAD "3"
Shape Rect Layer front
position -1.447800  1.000001  size  0.812800  0.457200  orientation 0.00
drill  0.000000
shape_offset  0.000000  0.000000
$EndPAD
$PAD "2"
Shape Rect Layer front
position -1.447800  0.000000  size  0.812800  0.457200  orientation 0.00
drill  0.000000
shape_offset  0.000000  0.000000
$EndPAD
$PAD "1"
Shape Rect Layer front
position -1.447800 -1.000001  size  0.812800  0.457200  orientation 0.00
drill  0.000000
shape_offset  0.000000  0.000000
$EndPAD
$EndMODULE  TH3

$MODULE "TH2"
reference "TH2"
value "SHT21"
footprint "Libraries:SHT21"
attribut none
position 147.320000 147.320000  orientation 0.00
layer front
$PAD "7"
Shape Rect Layer front
position  0.000000  0.000000  size  1.600200  2.489200  orientation 0.00
drill  0.000000
shape_offset  0.000000  0.000000
$EndPAD
$PAD "6"
Shape Rect Layer front
position  1.447800 -1.000001  size  0.812800  0.457200  orientation 0.00
drill  0.000000
shape_offset  0.000000  0.000000
$EndPAD
$PAD "5"
Shape Rect Layer front
position  1.447800  0.000000  size  0.812800  0.457200  orientation 0.00
drill  0.000000
shape_offset  0.000000  0.000000
$EndPAD
$PAD "4"
Shape Rect Layer front
position  1.447800  1.000001  size  0.812800  0.457200  orientation 0.00
drill  0.000000
shape_offset  0.000000  0.000000
$EndPAD
$PAD "3"
Shape Rect Layer front
position -1.447800  1.000001  size  0.812800  0.457200  orientation 0.00
drill  0.000000
shape_offset  0.000000  0.000000
$EndPAD
$PAD "2"
Shape Rect Layer front
position -1.447800  0.000000  size  0.812800  0.457200  orientation 0.00
drill  0.000000
shape_offset  0.000000  0.000000
$EndPAD
$PAD "1"
Shape Rect Layer front
position -1.447800 -1.000001  size  0.812800  0.457200  orientation 0.00
drill  0.000000
shape_offset  0.000000  0.000000
$EndPAD
$EndMODULE  TH2

$MODULE "TH1"
reference "TH1"
value "SHT21"
footprint "Libraries:SHT21"
attribut none
position 271.780000 147.320000  orientation 0.00
layer front
$PAD "7"
Shape Rect Layer front
position  0.000000  0.000000  size  1.600200  2.489200  orientation 0.00
drill  0.000000
shape_offset  0.000000  0.000000
$EndPAD
$PAD "6"
Shape Rect Layer front
position  1.447800 -1.000001  size  0.812800  0.457200  orientation 0.00
drill  0.000000
shape_offset  0.000000  0.000000
$EndPAD
$PAD "5"
Shape Rect Layer front
position  1.447800  0.000000  size  0.812800  0.457200  orientation 0.00
drill  0.000000
shape_offset  0.000000  0.000000
$EndPAD
$PAD "4"
Shape Rect Layer front
position  1.447800  1.000001  size  0.812800  0.457200  orientation 0.00
drill  0.000000
shape_offset  0.000000  0.000000
$EndPAD
$PAD "3"
Shape Rect Layer front
position -1.447800  1.000001  size  0.812800  0.457200  orientation 0.00
drill  0.000000
shape_offset  0.000000  0.000000
$EndPAD
$PAD "2"
Shape Rect Layer front
position -1.447800  0.000000  size  0.812800  0.457200  orientation 0.00
drill  0.000000
shape_offset  0.000000  0.000000
$EndPAD
$PAD "1"
Shape Rect Layer front
position -1.447800 -1.000001  size  0.812800  0.457200  orientation 0.00
drill  0.000000
shape_offset  0.000000  0.000000
$EndPAD
$EndMODULE  TH1

$MODULE "RF_MCU1"
reference "RF_MCU1"
value "CC2530F256RHAR"
footprint "Libraries:CC2530F256RHAR"
attribut none
position 223.520000 135.890000  orientation 270.00
layer front
$PAD "V"
Shape Circle Layer both
position  1.574800 -1.574800  size  0.508000  0.508000  orientation 0.00
drill  0.254000
shape_offset  0.000000  0.000000
$EndPAD
$PAD "V"
Shape Circle Layer both
position  1.574800 -0.787400  size  0.508000  0.508000  orientation 0.00
drill  0.254000
shape_offset  0.000000  0.000000
$EndPAD
$PAD "V"
Shape Circle Layer both
position  1.574800  0.000000  size  0.508000  0.508000  orientation 0.00
drill  0.254000
shape_offset  0.000000  0.000000
$EndPAD
$PAD "V"
Shape Circle Layer both
position  1.574800  0.787400  size  0.508000  0.508000  orientation 0.00
drill  0.254000
shape_offset  0.000000  0.000000
$EndPAD
$PAD "V"
Shape Circle Layer both
position  1.574800  1.574800  size  0.508000  0.508000  orientation 0.00
drill  0.254000
shape_offset  0.000000  0.000000
$EndPAD
$PAD "V"
Shape Circle Layer both
position  0.787400 -1.574800  size  0.508000  0.508000  orientation 0.00
drill  0.254000
shape_offset  0.000000  0.000000
$EndPAD
$PAD "V"
Shape Circle Layer both
position  0.787400 -0.787400  size  0.508000  0.508000  orientation 0.00
drill  0.254000
shape_offset  0.000000  0.000000
$EndPAD
$PAD "V"
Shape Circle Layer both
position  0.787400  0.000000  size  0.508000  0.508000  orientation 0.00
drill  0.254000
shape_offset  0.000000  0.000000
$EndPAD
$PAD "V"
Shape Circle Layer both
position  0.787400  0.787400  size  0.508000  0.508000  orientation 0.00
drill  0.254000
shape_offset  0.000000  0.000000
$EndPAD
$PAD "V"
Shape Circle Layer both
position  0.787400  1.574800  size  0.508000  0.508000  orientation 0.00
drill  0.254000
shape_offset  0.000000  0.000000
$EndPAD
$PAD "V"
Shape Circle Layer both
position  0.000000 -1.574800  size  0.508000  0.508000  orientation 0.00
drill  0.254000
shape_offset  0.000000  0.000000
$EndPAD
$PAD "V"
Shape Circle Layer both
position  0.000000 -0.787400  size  0.508000  0.508000  orientation 0.00
drill  0.254000
shape_offset  0.000000  0.000000
$EndPAD
$PAD "V"
Shape Circle Layer both
position  0.000000  0.000000  size  0.508000  0.508000  orientation 0.00
drill  0.254000
shape_offset  0.000000  0.000000
$EndPAD
$PAD "V"
Shape Circle Layer both
position  0.000000  0.787400  size  0.508000  0.508000  orientation 0.00
drill  0.254000
shape_offset  0.000000  0.000000
$EndPAD
$PAD "V"
Shape Circle Layer both
position  0.000000  1.574800  size  0.508000  0.508000  orientation 0.00
drill  0.254000
shape_offset  0.000000  0.000000
$EndPAD
$PAD "V"
Shape Circle Layer both
position -0.787400 -1.574800  size  0.508000  0.508000  orientation 0.00
drill  0.254000
shape_offset  0.000000  0.000000
$EndPAD
$PAD "V"
Shape Circle Layer both
position -0.787400 -0.787400  size  0.508000  0.508000  orientation 0.00
drill  0.254000
shape_offset  0.000000  0.000000
$EndPAD
$PAD "V"
Shape Circle Layer both
position -0.787400  0.000000  size  0.508000  0.508000  orientation 0.00
drill  0.254000
shape_offset  0.000000  0.000000
$EndPAD
$PAD "V"
Shape Circle Layer both
position -0.787400  0.787400  size  0.508000  0.508000  orientation 0.00
drill  0.254000
shape_offset  0.000000  0.000000
$EndPAD
$PAD "V"
Shape Circle Layer both
position -0.787400  1.574800  size  0.508000  0.508000  orientation 0.00
drill  0.254000
shape_offset  0.000000  0.000000
$EndPAD
$PAD "V"
Shape Circle Layer both
position -1.574800 -1.574800  size  0.508000  0.508000  orientation 0.00
drill  0.254000
shape_offset  0.000000  0.000000
$EndPAD
$PAD "V"
Shape Circle Layer both
position -1.574800 -0.787400  size  0.508000  0.508000  orientation 0.00
drill  0.254000
shape_offset  0.000000  0.000000
$EndPAD
$PAD "V"
Shape Circle Layer both
position -1.574800  0.000000  size  0.508000  0.508000  orientation 0.00
drill  0.254000
shape_offset  0.000000  0.000000
$EndPAD
$PAD "V"
Shape Circle Layer both
position -1.574800  0.787400  size  0.508000  0.508000  orientation 0.00
drill  0.254000
shape_offset  0.000000  0.000000
$EndPAD
$PAD "V"
Shape Circle Layer both
position -1.574800  1.574800  size  0.508000  0.508000  orientation 0.00
drill  0.254000
shape_offset  0.000000  0.000000
$EndPAD
$PAD "41"
Shape Rect Layer front
position  0.000000  0.000000  size  4.500001  4.500001  orientation 0.00
drill  0.000000
shape_offset  0.000000  0.000000
$EndPAD
$PAD "40"
Shape Rect Layer front
position -2.250567 -2.975000  size  0.280000  0.850000  orientation 0.00
drill  0.000000
shape_offset  0.000000  0.000000
$EndPAD
$PAD "39"
Shape Rect Layer front
position -1.750441 -2.975000  size  0.280000  0.850000  orientation 0.00
drill  0.000000
shape_offset  0.000000  0.000000
$EndPAD
$PAD "38"
Shape Rect Layer front
position -1.250315 -2.975000  size  0.280000  0.850000  orientation 0.00
drill  0.000000
shape_offset  0.000000  0.000000
$EndPAD
$PAD "37"
Shape Rect Layer front
position -0.750189 -2.975000  size  0.280000  0.850000  orientation 0.00
drill  0.000000
shape_offset  0.000000  0.000000
$EndPAD
$PAD "36"
Shape Rect Layer front
position -0.250063 -2.975000  size  0.280000  0.850000  orientation 0.00
drill  0.000000
shape_offset  0.000000  0.000000
$EndPAD
$PAD "35"
Shape Rect Layer front
position  0.250063 -2.975000  size  0.280000  0.850000  orientation 0.00
drill  0.000000
shape_offset  0.000000  0.000000
$EndPAD
$PAD "34"
Shape Rect Layer front
position  0.750189 -2.975000  size  0.280000  0.850000  orientation 0.00
drill  0.000000
shape_offset  0.000000  0.000000
$EndPAD
$PAD "33"
Shape Rect Layer front
position  1.250315 -2.975000  size  0.280000  0.850000  orientation 0.00
drill  0.000000
shape_offset  0.000000  0.000000
$EndPAD
$PAD "32"
Shape Rect Layer front
position  1.750441 -2.975000  size  0.280000  0.850000  orientation 0.00
drill  0.000000
shape_offset  0.000000  0.000000
$EndPAD
$PAD "31"
Shape Rect Layer front
position  2.250567 -2.975000  size  0.280000  0.850000  orientation 0.00
drill  0.000000
shape_offset  0.000000  0.000000
$EndPAD
$PAD "30"
Shape Rect Layer front
position  2.975000 -2.250001  size  0.280000  0.850000  orientation -270.00
drill  0.000000
shape_offset  0.000000  0.000000
$EndPAD
$PAD "29"
Shape Rect Layer front
position  2.975000 -1.749999  size  0.280000  0.850000  orientation -270.00
drill  0.000000
shape_offset  0.000000  0.000000
$EndPAD
$PAD "28"
Shape Rect Layer front
position  2.975000 -1.250000  size  0.280000  0.850000  orientation -270.00
drill  0.000000
shape_offset  0.000000  0.000000
$EndPAD
$PAD "27"
Shape Rect Layer front
position  2.975000 -0.750001  size  0.280000  0.850000  orientation -270.00
drill  0.000000
shape_offset  0.000000  0.000000
$EndPAD
$PAD "26"
Shape Rect Layer front
position  2.975000 -0.250000  size  0.280000  0.850000  orientation -270.00
drill  0.000000
shape_offset  0.000000  0.000000
$EndPAD
$PAD "25"
Shape Rect Layer front
position  2.975000  0.250000  size  0.280000  0.850000  orientation -270.00
drill  0.000000
shape_offset  0.000000  0.000000
$EndPAD
$PAD "24"
Shape Rect Layer front
position  2.975000  0.750001  size  0.280000  0.850000  orientation -270.00
drill  0.000000
shape_offset  0.000000  0.000000
$EndPAD
$PAD "23"
Shape Rect Layer front
position  2.975000  1.250000  size  0.280000  0.850000  orientation -270.00
drill  0.000000
shape_offset  0.000000  0.000000
$EndPAD
$PAD "22"
Shape Rect Layer front
position  2.975000  1.749999  size  0.280000  0.850000  orientation -270.00
drill  0.000000
shape_offset  0.000000  0.000000
$EndPAD
$PAD "21"
Shape Rect Layer front
position  2.975000  2.250001  size  0.280000  0.850000  orientation -270.00
drill  0.000000
shape_offset  0.000000  0.000000
$EndPAD
$PAD "20"
Shape Rect Layer front
position  2.250567  2.975000  size  0.280000  0.850000  orientation 0.00
drill  0.000000
shape_offset  0.000000  0.000000
$EndPAD
$PAD "19"
Shape Rect Layer front
position  1.750441  2.975000  size  0.280000  0.850000  orientation 0.00
drill  0.000000
shape_offset  0.000000  0.000000
$EndPAD
$PAD "18"
Shape Rect Layer front
position  1.250315  2.975000  size  0.280000  0.850000  orientation 0.00
drill  0.000000
shape_offset  0.000000  0.000000
$EndPAD
$PAD "17"
Shape Rect Layer front
position  0.750189  2.975000  size  0.280000  0.850000  orientation 0.00
drill  0.000000
shape_offset  0.000000  0.000000
$EndPAD
$PAD "16"
Shape Rect Layer front
position  0.250063  2.975000  size  0.280000  0.850000  orientation 0.00
drill  0.000000
shape_offset  0.000000  0.000000
$EndPAD
$PAD "15"
Shape Rect Layer front
position -0.250063  2.975000  size  0.280000  0.850000  orientation 0.00
drill  0.000000
shape_offset  0.000000  0.000000
$EndPAD
$PAD "14"
Shape Rect Layer front
position -0.750189  2.975000  size  0.280000  0.850000  orientation 0.00
drill  0.000000
shape_offset  0.000000  0.000000
$EndPAD
$PAD "13"
Shape Rect Layer front
position -1.250315  2.975000  size  0.280000  0.850000  orientation 0.00
drill  0.000000
shape_offset  0.000000  0.000000
$EndPAD
$PAD "12"
Shape Rect Layer front
position -1.750441  2.975000  size  0.280000  0.850000  orientation 0.00
drill  0.000000
shape_offset  0.000000  0.000000
$EndPAD
$PAD "11"
Shape Rect Layer front
position -2.250567  2.975000  size  0.280000  0.850000  orientation 0.00
drill  0.000000
shape_offset  0.000000  0.000000
$EndPAD
$PAD "10"
Shape Rect Layer front
position -2.975000  2.250001  size  0.280000  0.850000  orientation -270.00
drill  0.000000
shape_offset  0.000000  0.000000
$EndPAD
$PAD "9"
Shape Rect Layer front
position -2.975000  1.749999  size  0.280000  0.850000  orientation -270.00
drill  0.000000
shape_offset  0.000000  0.000000
$EndPAD
$PAD "8"
Shape Rect Layer front
position -2.975000  1.250000  size  0.280000  0.850000  orientation -270.00
drill  0.000000
shape_offset  0.000000  0.000000
$EndPAD
$PAD "7"
Shape Rect Layer front
position -2.975000  0.750001  size  0.280000  0.850000  orientation -270.00
drill  0.000000
shape_offset  0.000000  0.000000
$EndPAD
$PAD "6"
Shape Rect Layer front
position -2.975000  0.250000  size  0.280000  0.850000  orientation -270.00
drill  0.000000
shape_offset  0.000000  0.000000
$EndPAD
$PAD "5"
Shape Rect Layer front
position -2.975000 -0.250000  size  0.280000  0.850000  orientation -270.00
drill  0.000000
shape_offset  0.000000  0.000000
$EndPAD
$PAD "4"
Shape Rect Layer front
position -2.975000 -0.750001  size  0.280000  0.850000  orientation -270.00
drill  0.000000
shape_offset  0.000000  0.000000
$EndPAD
$PAD "3"
Shape Rect Layer front
position -2.975000 -1.250000  size  0.280000  0.850000  orientation -270.00
drill  0.000000
shape_offset  0.000000  0.000000
$EndPAD
$PAD "2"
Shape Rect Layer front
position -2.975000 -1.749999  size  0.280000  0.850000  orientation -270.00
drill  0.000000
shape_offset  0.000000  0.000000
$EndPAD
$PAD "1"
Shape Rect Layer front
position -2.975000 -2.250001  size  0.280000  0.850000  orientation -270.00
drill  0.000000
shape_offset  0.000000  0.000000
$EndPAD
$EndMODULE  RF_MCU1

$MODULE "XTAL1"
reference "XTAL1"
value "32MHz"
footprint "Crystal:Crystal_SMD_3225-4Pin_3.2x2.5mm"
attribut smd
position 215.480000 144.950000  orientation 90.00
layer front
$PAD "4"
Shape Rect Layer front
position -1.100000 -0.850000  size  1.400000  1.200000  orientation 0.00
drill  0.000000
shape_offset  0.000000  0.000000
$EndPAD
$PAD "3"
Shape Rect Layer front
position  1.100000 -0.850000  size  1.400000  1.200000  orientation 0.00
drill  0.000000
shape_offset  0.000000  0.000000
$EndPAD
$PAD "2"
Shape Rect Layer front
position  1.100000  0.850000  size  1.400000  1.200000  orientation 0.00
drill  0.000000
shape_offset  0.000000  0.000000
$EndPAD
$PAD "1"
Shape Rect Layer front
position -1.100000  0.850000  size  1.400000  1.200000  orientation 0.00
drill  0.000000
shape_offset  0.000000  0.000000
$EndPAD
$EndMODULE  XTAL1

$MODULE "SW3"
reference "SW3"
value "Reset"
footprint "Button_Switch_SMD:SW_Push_1P1T_NO_CK_KSC6xxJ"
attribut smd
position 201.020000 120.650000  orientation 0.00
layer front
$PAD "2"
Shape Rect Layer front
position  2.900000  2.000000  size  2.800000  1.000000  orientation 0.00
drill  0.000000
shape_offset  0.000000  0.000000
$EndPAD
$PAD "2"
Shape Rect Layer front
position -2.900000  2.000000  size  2.800000  1.000000  orientation 0.00
drill  0.000000
shape_offset  0.000000  0.000000
$EndPAD
$PAD "1"
Shape Rect Layer front
position  2.900000 -2.000000  size  2.800000  1.000000  orientation 0.00
drill  0.000000
shape_offset  0.000000  0.000000
$EndPAD
$PAD "1"
Shape Rect Layer front
position -2.900000 -2.000000  size  2.800000  1.000000  orientation 0.00
drill  0.000000
shape_offset  0.000000  0.000000
$EndPAD
$EndMODULE  SW3

$MODULE "SW2"
reference "SW2"
value "Select"
footprint "Button_Switch_SMD:SW_Push_1P1T_NO_CK_KSC6xxJ"
attribut smd
position 231.140000 120.650000  orientation 0.00
layer front
$PAD "2"
Shape Rect Layer front
position  2.900000  2.000000  size  2.800000  1.000000  orientation 0.00
drill  0.000000
shape_offset  0.000000  0.000000
$EndPAD
$PAD "2"
Shape Rect Layer front
position -2.900000  2.000000  size  2.800000  1.000000  orientation 0.00
drill  0.000000
shape_offset  0.000000  0.000000
$EndPAD
$PAD "1"
Shape Rect Layer front
position  2.900000 -2.000000  size  2.800000  1.000000  orientation 0.00
drill  0.000000
shape_offset  0.000000  0.000000
$EndPAD
$PAD "1"
Shape Rect Layer front
position -2.900000 -2.000000  size  2.800000  1.000000  orientation 0.00
drill  0.000000
shape_offset  0.000000  0.000000
$EndPAD
$EndMODULE  SW2

$MODULE "SW1"
reference "SW1"
value "Next"
footprint "Button_Switch_SMD:SW_Push_1P1T_NO_CK_KSC6xxJ"
attribut smd
position 215.900000 120.650000  orientation 0.00
layer front
$PAD "2"
Shape Rect Layer front
position  2.900000  2.000000  size  2.800000  1.000000  orientation 0.00
drill  0.000000
shape_offset  0.000000  0.000000
$EndPAD
$PAD "2"
Shape Rect Layer front
position -2.900000  2.000000  size  2.800000  1.000000  orientation 0.00
drill  0.000000
shape_offset  0.000000  0.000000
$EndPAD
$PAD "1"
Shape Rect Layer front
position  2.900000 -2.000000  size  2.800000  1.000000  orientation 0.00
drill  0.000000
shape_offset  0.000000  0.000000
$EndPAD
$PAD "1"
Shape Rect Layer front
position -2.900000 -2.000000  size  2.800000  1.000000  orientation 0.00
drill  0.000000
shape_offset  0.000000  0.000000
$EndPAD
$EndMODULE  SW1

$MODULE "SC1"
reference "SC1"
value "0v6"
footprint "Connector_PinHeader_2.54mm:PinHeader_1x02_P2.54mm_Vertical"
attribut none
position 165.100000 146.050000  orientation 0.00
layer front
$PAD "2"
Shape Oval Layer both
position  0.000000  2.540000  size  1.700000  1.700000  orientation 0.00
drill  1.000000
shape_offset  0.000000  0.000000
$EndPAD
$PAD "1"
Shape Rect Layer both
position  0.000000  0.000000  size  1.700000  1.700000  orientation 0.00
drill  1.000000
shape_offset  0.000000  0.000000
$EndPAD
$EndMODULE  SC1

$MODULE "Ruv2"
reference "Ruv2"
value "5M1"
footprint "Resistor_SMD:R_0603_1608Metric"
attribut smd
position 170.625000 138.430000  orientation 0.00
layer front
$PAD "2"
Shape Roundrect Layer front
position  0.825000  0.000000  size  0.800000  0.950000  orientation 0.00
drill  0.000000
shape_offset  0.000000  0.000000
$EndPAD
$PAD "1"
Shape Roundrect Layer front
position -0.825000  0.000000  size  0.800000  0.950000  orientation 0.00
drill  0.000000
shape_offset  0.000000  0.000000
$EndPAD
$EndMODULE  Ruv2

$MODULE "Ruv1"
reference "Ruv1"
value "4M7"
footprint "Resistor_SMD:R_0603_1608Metric"
attribut smd
position 174.815000 138.430000  orientation 0.00
layer front
$PAD "2"
Shape Roundrect Layer front
position  0.825000  0.000000  size  0.800000  0.950000  orientation 0.00
drill  0.000000
shape_offset  0.000000  0.000000
$EndPAD
$PAD "1"
Shape Roundrect Layer front
position -0.825000  0.000000  size  0.800000  0.950000  orientation 0.00
drill  0.000000
shape_offset  0.000000  0.000000
$EndPAD
$EndMODULE  Ruv1

$MODULE "Rov3"
reference "Rov3"
value "1M5"
footprint "Resistor_SMD:R_0603_1608Metric"
attribut smd
position 170.180000 143.510000  orientation 0.00
layer front
$PAD "2"
Shape Roundrect Layer front
position  0.825000  0.000000  size  0.800000  0.950000  orientation 0.00
drill  0.000000
shape_offset  0.000000  0.000000
$EndPAD
$PAD "1"
Shape Roundrect Layer front
position -0.825000  0.000000  size  0.800000  0.950000  orientation 0.00
drill  0.000000
shape_offset  0.000000  0.000000
$EndPAD
$EndMODULE  Rov3

$MODULE "Rov2"
reference "Rov2"
value "2M2"
footprint "Resistor_SMD:R_0603_1608Metric"
attribut smd
position 173.990000 143.510000  orientation 0.00
layer front
$PAD "2"
Shape Roundrect Layer front
position  0.825000  0.000000  size  0.800000  0.950000  orientation 0.00
drill  0.000000
shape_offset  0.000000  0.000000
$EndPAD
$PAD "1"
Shape Roundrect Layer front
position -0.825000  0.000000  size  0.800000  0.950000  orientation 0.00
drill  0.000000
shape_offset  0.000000  0.000000
$EndPAD
$EndMODULE  Rov2

$MODULE "Rov1"
reference "Rov1"
value "5M1"
footprint "Resistor_SMD:R_0603_1608Metric"
attribut smd
position 177.800000 143.510000  orientation 0.00
layer front
$PAD "2"
Shape Roundrect Layer front
position  0.825000  0.000000  size  0.800000  0.950000  orientation 0.00
drill  0.000000
shape_offset  0.000000  0.000000
$EndPAD
$PAD "1"
Shape Roundrect Layer front
position -0.825000  0.000000  size  0.800000  0.950000  orientation 0.00
drill  0.000000
shape_offset  0.000000  0.000000
$EndPAD
$EndMODULE  Rov1

$MODULE "Rok3"
reference "Rok3"
value "1M"
footprint "Resistor_SMD:R_0603_1608Metric"
attribut smd
position 170.625000 140.970000  orientation 0.00
layer front
$PAD "2"
Shape Roundrect Layer front
position  0.825000  0.000000  size  0.800000  0.950000  orientation 0.00
drill  0.000000
shape_offset  0.000000  0.000000
$EndPAD
$PAD "1"
Shape Roundrect Layer front
position -0.825000  0.000000  size  0.800000  0.950000  orientation 0.00
drill  0.000000
shape_offset  0.000000  0.000000
$EndPAD
$EndMODULE  Rok3

$MODULE "Rok2"
reference "Rok2"
value "5M1"
footprint "Resistor_SMD:R_0603_1608Metric"
attribut smd
position 174.435000 140.970000  orientation 0.00
layer front
$PAD "2"
Shape Roundrect Layer front
position  0.825000  0.000000  size  0.800000  0.950000  orientation 0.00
drill  0.000000
shape_offset  0.000000  0.000000
$EndPAD
$PAD "1"
Shape Roundrect Layer front
position -0.825000  0.000000  size  0.800000  0.950000  orientation 0.00
drill  0.000000
shape_offset  0.000000  0.000000
$EndPAD
$EndMODULE  Rok2

$MODULE "Rok1"
reference "Rok1"
value "5M1"
footprint "Resistor_SMD:R_0603_1608Metric"
attribut smd
position 178.625000 140.970000  orientation 0.00
layer front
$PAD "2"
Shape Roundrect Layer front
position  0.825000  0.000000  size  0.800000  0.950000  orientation 0.00
drill  0.000000
shape_offset  0.000000  0.000000
$EndPAD
$PAD "1"
Shape Roundrect Layer front
position -0.825000  0.000000  size  0.800000  0.950000  orientation 0.00
drill  0.000000
shape_offset  0.000000  0.000000
$EndPAD
$EndMODULE  Rok1

$MODULE "Roc3"
reference "Roc3"
value "4M7"
footprint "Resistor_SMD:R_0603_1608Metric"
attribut smd
position 165.100000 140.525000  orientation 90.00
layer front
$PAD "2"
Shape Roundrect Layer front
position  0.825000  0.000000  size  0.800000  0.950000  orientation 0.00
drill  0.000000
shape_offset  0.000000  0.000000
$EndPAD
$PAD "1"
Shape Roundrect Layer front
position -0.825000  0.000000  size  0.800000  0.950000  orientation 0.00
drill  0.000000
shape_offset  0.000000  0.000000
$EndPAD
$EndMODULE  Roc3

$MODULE "Roc2"
reference "Roc2"
value "5M1"
footprint "Resistor_SMD:R_0603_1608Metric"
attribut smd
position 165.100000 136.715000  orientation 90.00
layer front
$PAD "2"
Shape Roundrect Layer front
position  0.825000  0.000000  size  0.800000  0.950000  orientation 0.00
drill  0.000000
shape_offset  0.000000  0.000000
$EndPAD
$PAD "1"
Shape Roundrect Layer front
position -0.825000  0.000000  size  0.800000  0.950000  orientation 0.00
drill  0.000000
shape_offset  0.000000  0.000000
$EndPAD
$EndMODULE  Roc2

$MODULE "Roc1"
reference "Roc1"
value "10M"
footprint "Resistor_SMD:R_0603_1608Metric"
attribut smd
position 165.100000 132.905000  orientation 90.00
layer front
$PAD "2"
Shape Roundrect Layer front
position  0.825000  0.000000  size  0.800000  0.950000  orientation 0.00
drill  0.000000
shape_offset  0.000000  0.000000
$EndPAD
$PAD "1"
Shape Roundrect Layer front
position -0.825000  0.000000  size  0.800000  0.950000  orientation 0.00
drill  0.000000
shape_offset  0.000000  0.000000
$EndPAD
$EndMODULE  Roc1

$MODULE "R_SW2"
reference "R_SW2"
value "56k"
footprint "Resistor_SMD:R_0603_1608Metric"
attribut smd
position 223.965000 123.190000  orientation 0.00
layer front
$PAD "2"
Shape Roundrect Layer front
position  0.825000  0.000000  size  0.800000  0.950000  orientation 0.00
drill  0.000000
shape_offset  0.000000  0.000000
$EndPAD
$PAD "1"
Shape Roundrect Layer front
position -0.825000  0.000000  size  0.800000  0.950000  orientation 0.00
drill  0.000000
shape_offset  0.000000  0.000000
$EndPAD
$EndMODULE  R_SW2

$MODULE "R_SW1"
reference "R_SW1"
value "10k"
footprint "Resistor_SMD:R_0603_1608Metric"
attribut smd
position 223.965000 120.650000  orientation 0.00
layer front
$PAD "2"
Shape Roundrect Layer front
position  0.825000  0.000000  size  0.800000  0.950000  orientation 0.00
drill  0.000000
shape_offset  0.000000  0.000000
$EndPAD
$PAD "1"
Shape Roundrect Layer front
position -0.825000  0.000000  size  0.800000  0.950000  orientation 0.00
drill  0.000000
shape_offset  0.000000  0.000000
$EndPAD
$EndMODULE  R_SW1

$MODULE "R_R1"
reference "R_R1"
value "220"
footprint "Resistor_SMD:R_0603_1608Metric"
attribut smd
position 237.935000 119.380000  orientation 0.00
layer front
$PAD "2"
Shape Roundrect Layer front
position  0.825000  0.000000  size  0.800000  0.950000  orientation 0.00
drill  0.000000
shape_offset  0.000000  0.000000
$EndPAD
$PAD "1"
Shape Roundrect Layer front
position -0.825000  0.000000  size  0.800000  0.950000  orientation 0.00
drill  0.000000
shape_offset  0.000000  0.000000
$EndPAD
$EndMODULE  R_R1

$MODULE "R_P1"
reference "R_P1"
value "220"
footprint "Resistor_SMD:R_0603_1608Metric"
attribut smd
position 203.200000 136.715000  orientation 90.00
layer front
$PAD "2"
Shape Roundrect Layer front
position  0.825000  0.000000  size  0.800000  0.950000  orientation 0.00
drill  0.000000
shape_offset  0.000000  0.000000
$EndPAD
$PAD "1"
Shape Roundrect Layer front
position -0.825000  0.000000  size  0.800000  0.950000  orientation 0.00
drill  0.000000
shape_offset  0.000000  0.000000
$EndPAD
$EndMODULE  R_P1

$MODULE "R_LD1"
reference "R_LD1"
value "10k"
footprint "Resistor_SMD:R_0603_1608Metric"
attribut smd
position 193.485000 123.190000  orientation 180.00
layer front
$PAD "2"
Shape Roundrect Layer front
position  0.825000  0.000000  size  0.800000  0.950000  orientation 0.00
drill  0.000000
shape_offset  0.000000  0.000000
$EndPAD
$PAD "1"
Shape Roundrect Layer front
position -0.825000  0.000000  size  0.800000  0.950000  orientation 0.00
drill  0.000000
shape_offset  0.000000  0.000000
$EndPAD
$EndMODULE  R_LD1

$MODULE "R_G1"
reference "R_G1"
value "220"
footprint "Resistor_SMD:R_0603_1608Metric"
attribut smd
position 208.725000 119.380000  orientation 0.00
layer front
$PAD "2"
Shape Roundrect Layer front
position  0.825000  0.000000  size  0.800000  0.950000  orientation 0.00
drill  0.000000
shape_offset  0.000000  0.000000
$EndPAD
$PAD "1"
Shape Roundrect Layer front
position -0.825000  0.000000  size  0.800000  0.950000  orientation 0.00
drill  0.000000
shape_offset  0.000000  0.000000
$EndPAD
$EndMODULE  R_G1

$MODULE "R301"
reference "R301"
value "56k"
footprint "Resistor_SMD:R_0603_1608Metric"
attribut smd
position 229.425000 139.700000  orientation 180.00
layer front
$PAD "2"
Shape Roundrect Layer front
position  0.825000  0.000000  size  0.800000  0.950000  orientation 0.00
drill  0.000000
shape_offset  0.000000  0.000000
$EndPAD
$PAD "1"
Shape Roundrect Layer front
position -0.825000  0.000000  size  0.800000  0.950000  orientation 0.00
drill  0.000000
shape_offset  0.000000  0.000000
$EndPAD
$EndMODULE  R301

$MODULE "R4"
reference "R4"
value "10k"
footprint "Resistor_SMD:R_0603_1608Metric"
attribut smd
position 220.535000 129.540000  orientation 0.00
layer front
$PAD "2"
Shape Roundrect Layer front
position  0.825000  0.000000  size  0.800000  0.950000  orientation 0.00
drill  0.000000
shape_offset  0.000000  0.000000
$EndPAD
$PAD "1"
Shape Roundrect Layer front
position -0.825000  0.000000  size  0.800000  0.950000  orientation 0.00
drill  0.000000
shape_offset  0.000000  0.000000
$EndPAD
$EndMODULE  R4

$MODULE "R3"
reference "R3"
value "10k"
footprint "Resistor_SMD:R_0603_1608Metric"
attribut smd
position 31.094776 147.285301  orientation 270.00
layer front
$PAD "2"
Shape Roundrect Layer front
position  0.825000  0.000000  size  0.800000  0.950000  orientation 0.00
drill  0.000000
shape_offset  0.000000  0.000000
$EndPAD
$PAD "1"
Shape Roundrect Layer front
position -0.825000  0.000000  size  0.800000  0.950000  orientation 0.00
drill  0.000000
shape_offset  0.000000  0.000000
$EndPAD
$EndMODULE  R3

$MODULE "R2"
reference "R2"
value "10k"
footprint "Resistor_SMD:R_0603_1608Metric"
attribut smd
position 142.685808 147.116275  orientation 90.00
layer front
$PAD "2"
Shape Roundrect Layer front
position  0.825000  0.000000  size  0.800000  0.950000  orientation 0.00
drill  0.000000
shape_offset  0.000000  0.000000
$EndPAD
$PAD "1"
Shape Roundrect Layer front
position -0.825000  0.000000  size  0.800000  0.950000  orientation 0.00
drill  0.000000
shape_offset  0.000000  0.000000
$EndPAD
$EndMODULE  R2

$MODULE "R1"
reference "R1"
value "10k"
footprint "Resistor_SMD:R_0603_1608Metric"
attribut smd
position 266.294269 147.691847  orientation 90.00
layer front
$PAD "2"
Shape Roundrect Layer front
position  0.825000  0.000000  size  0.800000  0.950000  orientation 0.00
drill  0.000000
shape_offset  0.000000  0.000000
$EndPAD
$PAD "1"
Shape Roundrect Layer front
position -0.825000  0.000000  size  0.800000  0.950000  orientation 0.00
drill  0.000000
shape_offset  0.000000  0.000000
$EndPAD
$EndMODULE  R1

$MODULE "LED_R1"
reference "LED_R1"
value "Red TX"
footprint "LED_SMD:LED_0603_1608Metric"
attribut smd
position 238.760000 123.190000  orientation 0.00
layer front
$PAD "2"
Shape Roundrect Layer front
position  0.787500  0.000000  size  0.875000  0.950000  orientation 0.00
drill  0.000000
shape_offset  0.000000  0.000000
$EndPAD
$PAD "1"
Shape Roundrect Layer front
position -0.787500  0.000000  size  0.875000  0.950000  orientation 0.00
drill  0.000000
shape_offset  0.000000  0.000000
$EndPAD
$EndMODULE  LED_R1

$MODULE "LED_P1"
reference "LED_P1"
value "Orange Power"
footprint "LED_SMD:LED_0603_1608Metric"
attribut smd
position 203.203479 133.702810  orientation 270.00
layer front
$PAD "2"
Shape Roundrect Layer front
position  0.787500  0.000000  size  0.875000  0.950000  orientation 0.00
drill  0.000000
shape_offset  0.000000  0.000000
$EndPAD
$PAD "1"
Shape Roundrect Layer front
position -0.787500  0.000000  size  0.875000  0.950000  orientation 0.00
drill  0.000000
shape_offset  0.000000  0.000000
$EndPAD
$EndMODULE  LED_P1

$MODULE "LED_G1"
reference "LED_G1"
value "Green RX"
footprint "LED_SMD:LED_0603_1608Metric"
attribut smd
position 208.762500 123.190000  orientation 0.00
layer front
$PAD "2"
Shape Roundrect Layer front
position  0.787500  0.000000  size  0.875000  0.950000  orientation 0.00
drill  0.000000
shape_offset  0.000000  0.000000
$EndPAD
$PAD "1"
Shape Roundrect Layer front
position -0.787500  0.000000  size  0.875000  0.950000  orientation 0.00
drill  0.000000
shape_offset  0.000000  0.000000
$EndPAD
$EndMODULE  LED_G1

$MODULE "Lbst1"
reference "Lbst1"
value "22uH"
footprint "Inductor_SMD:L_12x12mm_H6mm"
attribut smd
position 183.010000 127.000000  orientation 0.00
layer front
$PAD "2"
Shape Rect Layer front
position  4.950000  0.000000  size  2.900000  5.400000  orientation 0.00
drill  0.000000
shape_offset  0.000000  0.000000
$EndPAD
$PAD "1"
Shape Rect Layer front
position -4.950000  0.000000  size  2.900000  5.400000  orientation 0.00
drill  0.000000
shape_offset  0.000000  0.000000
$EndPAD
$EndMODULE  Lbst1

$MODULE "J5"
reference "J5"
value "SPI / GPIO"
footprint "Connector_PinHeader_2.54mm:PinHeader_2x06_P2.54mm_Vertical"
attribut none
position 208.280000 132.080000  orientation 0.00
layer front
$PAD "12"
Shape Oval Layer both
position  2.540000 12.700000  size  1.700000  1.700000  orientation 0.00
drill  1.000000
shape_offset  0.000000  0.000000
$EndPAD
$PAD "11"
Shape Oval Layer both
position  0.000000 12.700000  size  1.700000  1.700000  orientation 0.00
drill  1.000000
shape_offset  0.000000  0.000000
$EndPAD
$PAD "10"
Shape Oval Layer both
position  2.540000 10.160000  size  1.700000  1.700000  orientation 0.00
drill  1.000000
shape_offset  0.000000  0.000000
$EndPAD
$PAD "9"
Shape Oval Layer both
position  0.000000 10.160000  size  1.700000  1.700000  orientation 0.00
drill  1.000000
shape_offset  0.000000  0.000000
$EndPAD
$PAD "8"
Shape Oval Layer both
position  2.540000  7.620000  size  1.700000  1.700000  orientation 0.00
drill  1.000000
shape_offset  0.000000  0.000000
$EndPAD
$PAD "7"
Shape Oval Layer both
position  0.000000  7.620000  size  1.700000  1.700000  orientation 0.00
drill  1.000000
shape_offset  0.000000  0.000000
$EndPAD
$PAD "6"
Shape Oval Layer both
position  2.540000  5.080000  size  1.700000  1.700000  orientation 0.00
drill  1.000000
shape_offset  0.000000  0.000000
$EndPAD
$PAD "5"
Shape Oval Layer both
position  0.000000  5.080000  size  1.700000  1.700000  orientation 0.00
drill  1.000000
shape_offset  0.000000  0.000000
$EndPAD
$PAD "4"
Shape Oval Layer both
position  2.540000  2.540000  size  1.700000  1.700000  orientation 0.00
drill  1.000000
shape_offset  0.000000  0.000000
$EndPAD
$PAD "3"
Shape Oval Layer both
position  0.000000  2.540000  size  1.700000  1.700000  orientation 0.00
drill  1.000000
shape_offset  0.000000  0.000000
$EndPAD
$PAD "2"
Shape Oval Layer both
position  2.540000  0.000000  size  1.700000  1.700000  orientation 0.00
drill  1.000000
shape_offset  0.000000  0.000000
$EndPAD
$PAD "1"
Shape Rect Layer both
position  0.000000  0.000000  size  1.700000  1.700000  orientation 0.00
drill  1.000000
shape_offset  0.000000  0.000000
$EndPAD
$EndMODULE  J5

$MODULE "J3"
reference "J3"
value "I2C"
footprint "Connector_PinHeader_2.54mm:PinHeader_1x04_P2.54mm_Vertical"
attribut none
position 41.910000 147.320000  orientation 270.00
layer front
$PAD "4"
Shape Oval Layer both
position  0.000000  7.620000  size  1.700000  1.700000  orientation 0.00
drill  1.000000
shape_offset  0.000000  0.000000
$EndPAD
$PAD "3"
Shape Oval Layer both
position  0.000000  5.080000  size  1.700000  1.700000  orientation 0.00
drill  1.000000
shape_offset  0.000000  0.000000
$EndPAD
$PAD "2"
Shape Oval Layer both
position  0.000000  2.540000  size  1.700000  1.700000  orientation 0.00
drill  1.000000
shape_offset  0.000000  0.000000
$EndPAD
$PAD "1"
Shape Rect Layer both
position  0.000000  0.000000  size  1.700000  1.700000  orientation 0.00
drill  1.000000
shape_offset  0.000000  0.000000
$EndPAD
$EndMODULE  J3

$MODULE "J2"
reference "J2"
value "I2C"
footprint "Connector_PinHeader_2.54mm:PinHeader_1x04_P2.54mm_Vertical"
attribut none
position 132.080000 147.320000  orientation 90.00
layer front
$PAD "4"
Shape Oval Layer both
position  0.000000  7.620000  size  1.700000  1.700000  orientation 0.00
drill  1.000000
shape_offset  0.000000  0.000000
$EndPAD
$PAD "3"
Shape Oval Layer both
position  0.000000  5.080000  size  1.700000  1.700000  orientation 0.00
drill  1.000000
shape_offset  0.000000  0.000000
$EndPAD
$PAD "2"
Shape Oval Layer both
position  0.000000  2.540000  size  1.700000  1.700000  orientation 0.00
drill  1.000000
shape_offset  0.000000  0.000000
$EndPAD
$PAD "1"
Shape Rect Layer both
position  0.000000  0.000000  size  1.700000  1.700000  orientation 0.00
drill  1.000000
shape_offset  0.000000  0.000000
$EndPAD
$EndMODULE  J2

$MODULE "DZ1"
reference "DZ1"
value "3v3"
footprint "Diode_SMD:D_MiniMELF"
attribut smd
position 195.580000 135.100000  orientation 270.00
layer front
$PAD "2"
Shape Rect Layer front
position  1.750000  0.000000  size  1.300000  1.700000  orientation 0.00
drill  0.000000
shape_offset  0.000000  0.000000
$EndPAD
$PAD "1"
Shape Rect Layer front
position -1.750000  0.000000  size  1.300000  1.700000  orientation 0.00
drill  0.000000
shape_offset  0.000000  0.000000
$EndPAD
$EndMODULE  DZ1

$MODULE "D_LD1"
reference "D_LD1"
value "Light detector"
footprint "Diode_SMD:D_1210_3225Metric"
attribut smd
position 192.986523 119.811045  orientation 0.00
layer front
$PAD "2"
Shape Roundrect Layer front
position  1.400000  0.000000  size  1.250000  2.650000  orientation 0.00
drill  0.000000
shape_offset  0.000000  0.000000
$EndPAD
$PAD "1"
Shape Roundrect Layer front
position -1.400000  0.000000  size  1.250000  2.650000  orientation 0.00
drill  0.000000
shape_offset  0.000000  0.000000
$EndPAD
$EndMODULE  D_LD1

$MODULE "Cstor1"
reference "Cstor1"
value "4u7"
footprint "Capacitor_SMD:C_0603_1608Metric"
attribut smd
position 187.465000 134.620000  orientation 180.00
layer front
$PAD "2"
Shape Roundrect Layer front
position  0.775000  0.000000  size  0.900000  0.950000  orientation 0.00
drill  0.000000
shape_offset  0.000000  0.000000
$EndPAD
$PAD "1"
Shape Roundrect Layer front
position -0.775000  0.000000  size  0.900000  0.950000  orientation 0.00
drill  0.000000
shape_offset  0.000000  0.000000
$EndPAD
$EndMODULE  Cstor1

$MODULE "Cref1"
reference "Cref1"
value "10n"
footprint "Capacitor_SMD:C_0603_1608Metric"
attribut smd
position 168.910000 133.350000  orientation 90.00
layer front
$PAD "2"
Shape Roundrect Layer front
position  0.775000  0.000000  size  0.900000  0.950000  orientation 0.00
drill  0.000000
shape_offset  0.000000  0.000000
$EndPAD
$PAD "1"
Shape Roundrect Layer front
position -0.775000  0.000000  size  0.900000  0.950000  orientation 0.00
drill  0.000000
shape_offset  0.000000  0.000000
$EndPAD
$EndMODULE  Cref1

$MODULE "CP1"
reference "CP1"
value "100u"
footprint "Capacitor_SMD:C_1210_3225Metric"
attribut smd
position 199.390000 134.825000  orientation 270.00
layer front
$PAD "2"
Shape Roundrect Layer front
position  1.475000  0.000000  size  1.150000  2.700000  orientation 0.00
drill  0.000000
shape_offset  0.000000  0.000000
$EndPAD
$PAD "1"
Shape Roundrect Layer front
position -1.475000  0.000000  size  1.150000  2.700000  orientation 0.00
drill  0.000000
shape_offset  0.000000  0.000000
$EndPAD
$EndMODULE  CP1

$MODULE "C_hv1"
reference "C_hv1"
value "4u7"
footprint "Capacitor_SMD:C_1206_3216Metric"
attribut smd
position 168.910000 147.115000  orientation 270.00
layer front
$PAD "2"
Shape Roundrect Layer front
position  1.475000  0.000000  size  1.150000  1.800000  orientation 0.00
drill  0.000000
shape_offset  0.000000  0.000000
$EndPAD
$PAD "1"
Shape Roundrect Layer front
position -1.475000  0.000000  size  1.150000  1.800000  orientation 0.00
drill  0.000000
shape_offset  0.000000  0.000000
$EndPAD
$EndMODULE  C_hv1

$MODULE "Cbyp1"
reference "Cbyp1"
value "100n"
footprint "Capacitor_SMD:C_0603_1608Metric"
attribut smd
position 172.720000 130.810000  orientation 0.00
layer front
$PAD "2"
Shape Roundrect Layer front
position  0.775000  0.000000  size  0.900000  0.950000  orientation 0.00
drill  0.000000
shape_offset  0.000000  0.000000
$EndPAD
$PAD "1"
Shape Roundrect Layer front
position -0.775000  0.000000  size  0.900000  0.950000  orientation 0.00
drill  0.000000
shape_offset  0.000000  0.000000
$EndPAD
$EndMODULE  Cbyp1

$MODULE "C401"
reference "C401"
value "1u"
footprint "Capacitor_SMD:C_0603_1608Metric"
attribut smd
position 228.543960 131.523581  orientation 270.00
layer front
$PAD "2"
Shape Roundrect Layer front
position  0.775000  0.000000  size  0.900000  0.950000  orientation 0.00
drill  0.000000
shape_offset  0.000000  0.000000
$EndPAD
$PAD "1"
Shape Roundrect Layer front
position -0.775000  0.000000  size  0.900000  0.950000  orientation 0.00
drill  0.000000
shape_offset  0.000000  0.000000
$EndPAD
$EndMODULE  C401

$MODULE "C231"
reference "C231"
value "27p"
footprint "Capacitor_SMD:C_0603_1608Metric"
attribut smd
position 215.405000 148.590000  orientation 180.00
layer front
$PAD "2"
Shape Roundrect Layer front
position  0.775000  0.000000  size  0.900000  0.950000  orientation 0.00
drill  0.000000
shape_offset  0.000000  0.000000
$EndPAD
$PAD "1"
Shape Roundrect Layer front
position -0.775000  0.000000  size  0.900000  0.950000  orientation 0.00
drill  0.000000
shape_offset  0.000000  0.000000
$EndPAD
$EndMODULE  C231

$MODULE "C221"
reference "C221"
value "27p"
footprint "Capacitor_SMD:C_0603_1608Metric"
attribut smd
position 215.125000 140.970000  orientation 0.00
layer front
$PAD "2"
Shape Roundrect Layer front
position  0.775000  0.000000  size  0.900000  0.950000  orientation 0.00
drill  0.000000
shape_offset  0.000000  0.000000
$EndPAD
$PAD "1"
Shape Roundrect Layer front
position -0.775000  0.000000  size  0.900000  0.950000  orientation 0.00
drill  0.000000
shape_offset  0.000000  0.000000
$EndPAD
$EndMODULE  C221

$MODULE "C3"
reference "C3"
value "100n"
footprint "Capacitor_SMD:C_0603_1608Metric"
attribut smd
position 29.573436 146.784450  orientation 270.00
layer front
$PAD "2"
Shape Roundrect Layer front
position  0.775000  0.000000  size  0.900000  0.950000  orientation 0.00
drill  0.000000
shape_offset  0.000000  0.000000
$EndPAD
$PAD "1"
Shape Roundrect Layer front
position -0.775000  0.000000  size  0.900000  0.950000  orientation 0.00
drill  0.000000
shape_offset  0.000000  0.000000
$EndPAD
$EndMODULE  C3

$MODULE "C2"
reference "C2"
value "100n"
footprint "Capacitor_SMD:C_0603_1608Metric"
attribut smd
position 144.473976 147.895424  orientation 90.00
layer front
$PAD "2"
Shape Roundrect Layer front
position  0.775000  0.000000  size  0.900000  0.950000  orientation 0.00
drill  0.000000
shape_offset  0.000000  0.000000
$EndPAD
$PAD "1"
Shape Roundrect Layer front
position -0.775000  0.000000  size  0.900000  0.950000  orientation 0.00
drill  0.000000
shape_offset  0.000000  0.000000
$EndPAD
$EndMODULE  C2

$MODULE "C1"
reference "C1"
value "100n"
footprint "Capacitor_SMD:C_0603_1608Metric"
attribut smd
position 267.970000 148.095000  orientation 90.00
layer front
$PAD "2"
Shape Roundrect Layer front
position  0.775000  0.000000  size  0.900000  0.950000  orientation 0.00
drill  0.000000
shape_offset  0.000000  0.000000
$EndPAD
$PAD "1"
Shape Roundrect Layer front
position -0.775000  0.000000  size  0.900000  0.950000  orientation 0.00
drill  0.000000
shape_offset  0.000000  0.000000
$EndPAD
$EndMODULE  C1

$MODULE "Bat1"
reference "Bat1"
value "4v2"
footprint "Connector_PinHeader_2.54mm:PinHeader_1x02_P2.54mm_Vertical"
attribut none
position 161.290000 146.050000  orientation 0.00
layer front
$PAD "2"
Shape Oval Layer both
position  0.000000  2.540000  size  1.700000  1.700000  orientation 0.00
drill  1.000000
shape_offset  0.000000  0.000000
$EndPAD
$PAD "1"
Shape Rect Layer both
position  0.000000  0.000000  size  1.700000  1.700000  orientation 0.00
drill  1.000000
shape_offset  0.000000  0.000000
$EndPAD
$EndMODULE  Bat1

$EndDESCRIPTION
